{"total": {"lines":{"total":444,"covered":348,"skipped":0,"pct":78.37},"statements":{"total":462,"covered":365,"skipped":0,"pct":79},"functions":{"total":101,"covered":75,"skipped":0,"pct":74.25},"branches":{"total":271,"covered":171,"skipped":0,"pct":63.09},"branchesTrue":{"total":0,"covered":0,"skipped":0,"pct":100}}
,"/root/grafana-plugins/grafana-network-weathermap/src/WeathermapPanel.tsx": {"lines":{"total":241,"covered":177,"skipped":0,"pct":73.44},"functions":{"total":56,"covered":37,"skipped":0,"pct":66.07},"statements":{"total":248,"covered":183,"skipped":0,"pct":73.79},"branches":{"total":136,"covered":78,"skipped":0,"pct":57.35}}
,"/root/grafana-plugins/grafana-network-weathermap/src/module.ts": {"lines":{"total":6,"covered":5,"skipped":0,"pct":83.33},"functions":{"total":1,"covered":0,"skipped":0,"pct":0},"statements":{"total":6,"covered":5,"skipped":0,"pct":83.33},"branches":{"total":0,"covered":0,"skipped":0,"pct":100}}
,"/root/grafana-plugins/grafana-network-weathermap/src/testData.ts": {"lines":{"total":31,"covered":31,"skipped":0,"pct":100},"functions":{"total":6,"covered":6,"skipped":0,"pct":100},"statements":{"total":34,"covered":34,"skipped":0,"pct":100},"branches":{"total":4,"covered":4,"skipped":0,"pct":100}}
,"/root/grafana-plugins/grafana-network-weathermap/src/types.ts": {"lines":{"total":6,"covered":6,"skipped":0,"pct":100},"functions":{"total":1,"covered":1,"skipped":0,"pct":100},"statements":{"total":6,"covered":6,"skipped":0,"pct":100},"branches":{"total":2,"covered":2,"skipped":0,"pct":100}}
,"/root/grafana-plugins/grafana-network-weathermap/src/utils.ts": {"lines":{"total":112,"covered":85,"skipped":0,"pct":75.89},"functions":{"total":21,"covered":17,"skipped":0,"pct":80.95},"statements":{"total":115,"covered":88,"skipped":0,"pct":76.52},"branches":{"total":55,"covered":34,"skipped":0,"pct":61.81}}
,"/root/grafana-plugins/grafana-network-weathermap/src/components/ColorScale.tsx": {"lines":{"total":21,"covered":21,"skipped":0,"pct":100},"functions":{"total":4,"covered":4,"skipped":0,"pct":100},"statements":{"total":21,"covered":21,"skipped":0,"pct":100},"branches":{"total":15,"covered":12,"skipped":0,"pct":80}}
,"/root/grafana-plugins/grafana-network-weathermap/src/components/MapNode.tsx": {"lines":{"total":27,"covered":23,"skipped":0,"pct":85.18},"functions":{"total":12,"covered":10,"skipped":0,"pct":83.33},"statements":{"total":32,"covered":28,"skipped":0,"pct":87.5},"branches":{"total":59,"covered":41,"skipped":0,"pct":69.49}}
}
