{"total": {"lines":{"total":430,"covered":343,"skipped":0,"pct":79.76},"statements":{"total":448,"covered":360,"skipped":0,"pct":80.35},"functions":{"total":102,"covered":75,"skipped":0,"pct":73.52},"branches":{"total":259,"covered":169,"skipped":0,"pct":65.25},"branchesTrue":{"total":0,"covered":0,"skipped":0,"pct":100}}
,"/root/grafana-plugins/grafana-network-weathermap/src/WeathermapPanel.tsx": {"lines":{"total":235,"covered":172,"skipped":0,"pct":73.19},"functions":{"total":56,"covered":37,"skipped":0,"pct":66.07},"statements":{"total":242,"covered":178,"skipped":0,"pct":73.55},"branches":{"total":130,"covered":76,"skipped":0,"pct":58.46}}
,"/root/grafana-plugins/grafana-network-weathermap/src/module.ts": {"lines":{"total":6,"covered":5,"skipped":0,"pct":83.33},"functions":{"total":1,"covered":0,"skipped":0,"pct":0},"statements":{"total":6,"covered":5,"skipped":0,"pct":83.33},"branches":{"total":0,"covered":0,"skipped":0,"pct":100}}
,"/root/grafana-plugins/grafana-network-weathermap/src/testData.ts": {"lines":{"total":31,"covered":31,"skipped":0,"pct":100},"functions":{"total":6,"covered":6,"skipped":0,"pct":100},"statements":{"total":34,"covered":34,"skipped":0,"pct":100},"branches":{"total":4,"covered":4,"skipped":0,"pct":100}}
,"/root/grafana-plugins/grafana-network-weathermap/src/types.ts": {"lines":{"total":6,"covered":6,"skipped":0,"pct":100},"functions":{"total":1,"covered":1,"skipped":0,"pct":100},"statements":{"total":6,"covered":6,"skipped":0,"pct":100},"branches":{"total":2,"covered":2,"skipped":0,"pct":100}}
,"/root/grafana-plugins/grafana-network-weathermap/src/utils.ts": {"lines":{"total":104,"covered":85,"skipped":0,"pct":81.73},"functions":{"total":22,"covered":17,"skipped":0,"pct":77.27},"statements":{"total":107,"covered":88,"skipped":0,"pct":82.24},"branches":{"total":49,"covered":34,"skipped":0,"pct":69.38}}
,"/root/grafana-plugins/grafana-network-weathermap/src/components/ColorScale.tsx": {"lines":{"total":21,"covered":21,"skipped":0,"pct":100},"functions":{"total":4,"covered":4,"skipped":0,"pct":100},"statements":{"total":21,"covered":21,"skipped":0,"pct":100},"branches":{"total":15,"covered":12,"skipped":0,"pct":80}}
,"/root/grafana-plugins/grafana-network-weathermap/src/components/MapNode.tsx": {"lines":{"total":27,"covered":23,"skipped":0,"pct":85.18},"functions":{"total":12,"covered":10,"skipped":0,"pct":83.33},"statements":{"total":32,"covered":28,"skipped":0,"pct":87.5},"branches":{"total":59,"covered":41,"skipped":0,"pct":69.49}}
}
